<?xml version="1.0" encoding="UTF-8"?>
<!-- Generated by org.testng.reporters.JUnitReportReporter -->
<testsuite hostname="Ammars-Air.fios-router.home" failures="0" tests="1" name="petStoreApiTests.PetStoreApiTests" time="2.570" errors="0" timestamp="2022-12-17T22:47:56 EST" skipped="0">
  <testcase classname="petStoreApiTests.PetStoreApiTests" name="createCatWithJsonFile" time="2.570"/>
  <system-out/>
</testsuite> <!-- petStoreApiTests.PetStoreApiTests -->
