<?xml version="1.0" encoding="UTF-8"?>
<!-- Generated by org.testng.reporters.JUnitReportReporter -->
<testsuite hostname="helilshahyars-iMac.local" failures="0" tests="2" name="tests.SauceDemoLoginTests" time="3.950" errors="0" timestamp="2022-12-01T19:10:21 EST" skipped="0">
  <testcase classname="tests.SauceDemoLoginTests" name="credentialTest" time="2.527"/>
  <system-out/>
  <testcase classname="tests.SauceDemoLoginTests" name="credentialTest" time="1.423"/>
  <system-out/>
</testsuite> <!-- tests.SauceDemoLoginTests -->
