<?xml version="1.0" encoding="UTF-8"?>
<!-- Generated by org.testng.reporters.JUnitReportReporter -->
<testsuite hostname="helilshahyars-iMac.local" failures="0" tests="5" name="petStoreApiTests.PetStoreApiTests" time="1.793" errors="0" timestamp="2022-12-14T21:30:45 EST" skipped="0">
  <testcase classname="petStoreApiTests.PetStoreApiTests" name="getById" time="0.500"/>
  <system-out/>
  <testcase classname="petStoreApiTests.PetStoreApiTests" name="postAPet" time="0.106"/>
  <system-out/>
  <testcase classname="petStoreApiTests.PetStoreApiTests" name="postACat" time="0.990"/>
  <system-out/>
  <testcase classname="petStoreApiTests.PetStoreApiTests" name="findPetByStatus" time="0.104"/>
  <system-out/>
  <testcase classname="petStoreApiTests.PetStoreApiTests" name="getPetById" time="0.093"/>
  <system-out/>
</testsuite> <!-- petStoreApiTests.PetStoreApiTests -->
